<?xml version="1.0" encoding="UTF-8"?>
<!-- Generated by org.testng.reporters.JUnitReportReporter -->
<testsuite hostname="DESKTOP-QNHJ5Q7" failures="0" tests="1" name="testRunner.TestRunner" time="21.071" errors="0" timestamp="2023-10-17T22:59:58 PDT" skipped="0">
  <testcase classname="testRunner.TestRunner" name="runScenario" time="21.071"/>
  <system-out/>
</testsuite> <!-- testRunner.TestRunner -->
