<?xml version="1.0" encoding="UTF-8"?>
<!-- Generated by org.testng.reporters.JUnitReportReporter -->
<testsuite hostname="DESKTOP-QNHJ5Q7" failures="0" tests="3" name="nopComm.TestNGAnnotationExample" time="0.077" errors="0" timestamp="2023-10-11T00:43:55 PDT" skipped="0">
  <testcase classname="nopComm.TestNGAnnotationExample" name="login" time="0.020"/>
  <testcase classname="nopComm.TestNGAnnotationExample" name="logout" time="0.048"/>
  <testcase classname="nopComm.TestNGAnnotationExample" name="addItem" time="0.009"/>
</testsuite> <!-- nopComm.TestNGAnnotationExample -->
