<?xml version="1.0" encoding="UTF-8"?>
<!-- Generated by org.testng.reporters.JUnitReportReporter -->
<testsuite hostname="DESKTOP-QNHJ5Q7" failures="0" tests="1" name="tests.VerifyRestAssuredApi" time="4.738" errors="0" timestamp="2023-11-01T23:17:32 PDT" skipped="0">
  <testcase classname="tests.VerifyRestAssuredApi" name="verifyListUserApiTest" time="4.738"/>
</testsuite> <!-- tests.VerifyRestAssuredApi -->
