<?xml version="1.0" encoding="UTF-8"?>
<!-- Generated by org.testng.reporters.JUnitReportReporter -->
<testsuite hostname="DESKTOP-QNHJ5Q7" failures="0" tests="5" name="nopComm.testNGExample" time="0.026" errors="0" timestamp="2023-10-09T23:44:34 PDT" skipped="0">
  <testcase classname="nopComm.testNGExample" name="login" time="0.009"/>
  <testcase classname="nopComm.testNGExample" name="cancelOrder" time="0.009"/>
  <testcase classname="nopComm.testNGExample" name="addItem" time="0.003"/>
  <testcase classname="nopComm.testNGExample" name="payment" time="0.002"/>
  <testcase classname="nopComm.testNGExample" name="logout" time="0.003"/>
</testsuite> <!-- nopComm.testNGExample -->
