<?xml version="1.0" encoding="UTF-8"?>
<!-- Generated by org.testng.reporters.JUnitReportReporter -->
<testsuite hostname="DESKTOP-QNHJ5Q7" failures="0" tests="1" name="tests.VerifyListUserAPITest" time="2.706" errors="0" timestamp="2023-10-31T00:42:34 PDT" skipped="0">
  <testcase classname="tests.VerifyListUserAPITest" name="verifyUserListApiTest" time="2.706"/>
</testsuite> <!-- tests.VerifyListUserAPITest -->
